0 info it worked if it ends with ok
1 verbose cli [ 'c:\\Program Files (x86)\\nodejs\\node.exe',
1 verbose cli   'c:\\Program Files (x86)\\nodejs\\node_modules\\npm\\bin\\npm-cli.js',
1 verbose cli   'install',
1 verbose cli   'tokenfield' ]
2 info using npm@1.4.28
3 info using node@v0.10.32
4 verbose cache add [ 'tokenfield', null ]
5 verbose cache add name=undefined spec="tokenfield" args=["tokenfield",null]
6 verbose parsed url { protocol: null,
6 verbose parsed url   slashes: null,
6 verbose parsed url   auth: null,
6 verbose parsed url   host: null,
6 verbose parsed url   port: null,
6 verbose parsed url   hostname: null,
6 verbose parsed url   hash: null,
6 verbose parsed url   search: null,
6 verbose parsed url   query: null,
6 verbose parsed url   pathname: 'tokenfield',
6 verbose parsed url   path: 'tokenfield',
6 verbose parsed url   href: 'tokenfield' }
7 silly lockFile 4274a4f0-tokenfield tokenfield
8 verbose lock tokenfield C:\Users\Eric\AppData\Roaming\npm-cache\4274a4f0-tokenfield.lock
9 silly lockFile 4274a4f0-tokenfield tokenfield
10 silly lockFile 4274a4f0-tokenfield tokenfield
11 verbose addNamed [ 'tokenfield', '' ]
12 verbose addNamed [ null, '*' ]
13 silly lockFile da3b1e96-tokenfield tokenfield@
14 verbose lock tokenfield@ C:\Users\Eric\AppData\Roaming\npm-cache\da3b1e96-tokenfield.lock
15 silly addNameRange { name: 'tokenfield', range: '*', hasData: false }
16 verbose request where is /tokenfield
17 verbose request registry https://registry.npmjs.org/
18 verbose request id 467c245bae5b3fb3
19 verbose url raw /tokenfield
20 verbose url resolving [ 'https://registry.npmjs.org/', './tokenfield' ]
21 verbose url resolved https://registry.npmjs.org/tokenfield
22 verbose request where is https://registry.npmjs.org/tokenfield
23 info trying registry request attempt 1 at 02:41:36
24 http GET https://registry.npmjs.org/tokenfield
25 http 404 https://registry.npmjs.org/tokenfield
26 verbose headers { date: 'Fri, 17 Apr 2015 06:41:36 GMT',
26 verbose headers   server: 'CouchDB/1.5.0 (Erlang OTP/R16B03)',
26 verbose headers   'content-type': 'application/json',
26 verbose headers   'cache-control': 'max-age=0',
26 verbose headers   'content-length': '51',
26 verbose headers   'accept-ranges': 'bytes',
26 verbose headers   via: '1.1 varnish',
26 verbose headers   age: '0',
26 verbose headers   'x-served-by': 'cache-atl6224-ATL',
26 verbose headers   'x-cache': 'MISS',
26 verbose headers   'x-cache-hits': '0',
26 verbose headers   'x-timer': 'S1429252895.973654,VS0,VE320',
26 verbose headers   'keep-alive': 'timeout=10, max=50',
26 verbose headers   connection: 'Keep-Alive' }
27 silly registry.get cb [ 404,
27 silly registry.get   { date: 'Fri, 17 Apr 2015 06:41:36 GMT',
27 silly registry.get     server: 'CouchDB/1.5.0 (Erlang OTP/R16B03)',
27 silly registry.get     'content-type': 'application/json',
27 silly registry.get     'cache-control': 'max-age=0',
27 silly registry.get     'content-length': '51',
27 silly registry.get     'accept-ranges': 'bytes',
27 silly registry.get     via: '1.1 varnish',
27 silly registry.get     age: '0',
27 silly registry.get     'x-served-by': 'cache-atl6224-ATL',
27 silly registry.get     'x-cache': 'MISS',
27 silly registry.get     'x-cache-hits': '0',
27 silly registry.get     'x-timer': 'S1429252895.973654,VS0,VE320',
27 silly registry.get     'keep-alive': 'timeout=10, max=50',
27 silly registry.get     connection: 'Keep-Alive' } ]
28 silly lockFile da3b1e96-tokenfield tokenfield@
29 silly lockFile da3b1e96-tokenfield tokenfield@
30 error 404 404 Not Found: tokenfield
30 error 404
30 error 404 'tokenfield' is not in the npm registry.
30 error 404 You should bug the author to publish it
30 error 404
30 error 404 Note that you can also install from a
30 error 404 tarball, folder, or http url, or git url.
31 error System Windows_NT 6.2.9200
32 error command "c:\\Program Files (x86)\\nodejs\\node.exe" "c:\\Program Files (x86)\\nodejs\\node_modules\\npm\\bin\\npm-cli.js" "install" "tokenfield"
33 error cwd c:\Users\Eric\Documents\GitHub\Prototype\prototype
34 error node -v v0.10.32
35 error npm -v 1.4.28
36 error code E404
37 verbose exit [ 1, true ]
